<?xml version="1.0" encoding="UTF-8"?>
<testsuite xmlns:xsi="http://www.w3.org/2001/XMLSchema-instance" xsi:noNamespaceSchemaLocation="https://maven.apache.org/surefire/maven-surefire-plugin/xsd/surefire-test-report.xsd" name="be.vives.ti.AppTest" time="0.031" tests="1" errors="0" skipped="0" failures="0">
  <properties>
    <property name="sun.desktop" value="windows"/>
    <property name="awt.toolkit" value="sun.awt.windows.WToolkit"/>
    <property name="file.encoding.pkg" value="sun.io"/>
    <property name="java.specification.version" value="1.8"/>
    <property name="sun.cpu.isalist" value="amd64"/>
    <property name="sun.jnu.encoding" value="Cp1252"/>
    <property name="java.class.path" value="D:\Vives\Projecten IntelliJ\Testing3\target\test-classes;D:\Vives\Projecten IntelliJ\Testing3\target\classes;C:\Users\Ward\.m2\repository\junit\junit\4.11\junit-4.11.jar;C:\Users\Ward\.m2\repository\org\hamcrest\hamcrest-core\1.3\hamcrest-core-1.3.jar;"/>
    <property name="java.vm.vendor" value="Oracle Corporation"/>
    <property name="sun.arch.data.model" value="64"/>
    <property name="user.variant" value=""/>
    <property name="java.vendor.url" value="http://java.oracle.com/"/>
    <property name="user.timezone" value="Europe/Berlin"/>
    <property name="user.country.format" value="GB"/>
    <property name="java.vm.specification.version" value="1.8"/>
    <property name="os.name" value="Windows 8"/>
    <property name="user.country" value="NL"/>
    <property name="sun.java.launcher" value="SUN_STANDARD"/>
    <property name="sun.boot.library.path" value="C:\Program Files (x86)\Java\jre\bin"/>
    <property name="sun.java.command" value="C:\Users\Ward\AppData\Local\Temp\surefire7886407841557254907\surefirebooter4980050589818479565.jar C:\Users\Ward\AppData\Local\Temp\surefire7886407841557254907 2020-10-07T13-44-18_059-jvmRun1 surefire164258865745815361tmp surefire_05061404868924146990tmp"/>
    <property name="surefire.test.class.path" value="D:\Vives\Projecten IntelliJ\Testing3\target\test-classes;D:\Vives\Projecten IntelliJ\Testing3\target\classes;C:\Users\Ward\.m2\repository\junit\junit\4.11\junit-4.11.jar;C:\Users\Ward\.m2\repository\org\hamcrest\hamcrest-core\1.3\hamcrest-core-1.3.jar;"/>
    <property name="sun.cpu.endian" value="little"/>
    <property name="user.home" value="C:\Users\Ward"/>
    <property name="user.language" value="nl"/>
    <property name="java.specification.vendor" value="Oracle Corporation"/>
    <property name="java.home" value="C:\Program Files (x86)\Java\jre"/>
    <property name="basedir" value="D:\Vives\Projecten IntelliJ\Testing3"/>
    <property name="file.separator" value="\"/>
    <property name="line.separator" value="&#10;"/>
    <property name="java.vm.specification.vendor" value="Oracle Corporation"/>
    <property name="java.specification.name" value="Java Platform API Specification"/>
    <property name="java.awt.graphicsenv" value="sun.awt.Win32GraphicsEnvironment"/>
    <property name="idea.version2020.1.3" value="true"/>
    <property name="surefire.real.class.path" value="C:\Users\Ward\AppData\Local\Temp\surefire7886407841557254907\surefirebooter4980050589818479565.jar"/>
    <property name="sun.boot.class.path" value="C:\Program Files (x86)\Java\jre\lib\resources.jar;C:\Program Files (x86)\Java\jre\lib\rt.jar;C:\Program Files (x86)\Java\jre\lib\sunrsasign.jar;C:\Program Files (x86)\Java\jre\lib\jsse.jar;C:\Program Files (x86)\Java\jre\lib\jce.jar;C:\Program Files (x86)\Java\jre\lib\charsets.jar;C:\Program Files (x86)\Java\jre\lib\jfr.jar;C:\Program Files (x86)\Java\jre\classes"/>
    <property name="user.script" value=""/>
    <property name="sun.management.compiler" value="HotSpot 64-Bit Tiered Compilers"/>
    <property name="java.runtime.version" value="1.8.0_261-b12"/>
    <property name="user.name" value="Ward"/>
    <property name="path.separator" value=";"/>
    <property name="os.version" value="6.2"/>
    <property name="java.endorsed.dirs" value="C:\Program Files (x86)\Java\jre\lib\endorsed"/>
    <property name="java.runtime.name" value="Java(TM) SE Runtime Environment"/>
    <property name="file.encoding" value="Cp1252"/>
    <property name="java.vm.name" value="Java HotSpot(TM) 64-Bit Server VM"/>
    <property name="localRepository" value="C:\Users\Ward\.m2\repository"/>
    <property name="java.vendor.url.bug" value="http://bugreport.sun.com/bugreport/"/>
    <property name="java.io.tmpdir" value="C:\Users\Ward\AppData\Local\Temp\"/>
    <property name="java.version" value="1.8.0_261"/>
    <property name="user.dir" value="D:\Vives\Projecten IntelliJ\Testing3"/>
    <property name="os.arch" value="amd64"/>
    <property name="java.vm.specification.name" value="Java Virtual Machine Specification"/>
    <property name="java.awt.printerjob" value="sun.awt.windows.WPrinterJob"/>
    <property name="user.language.format" value="en"/>
    <property name="sun.os.patch.level" value=""/>
    <property name="java.library.path" value="C:\Program Files (x86)\Java\jre\bin;C:\WINDOWS\Sun\Java\bin;C:\WINDOWS\system32;C:\WINDOWS;C:\Program Files (x86)\Java,C:\Program Files\Apache\apache-maven-3.6.3\bin;C:\Program Files (x86)\Java,C:\Program Files\Apache\apache-maven-3.6.3\bin;C:\Program Files (x86)\Java,C:\Program Files\Apache\apache-maven-3.6.3\bin;C:\WINDOWS\System32;C:\Program Files (x86)\Java\bin;C:\Program Files\Apache\apache-maven-3.6.3\bin;C:\Program Files (x86)\Java,C:\Program Files\Apache\apache-maven-3.6.3\bin;C:\Program Files (x86)\Java,C:\Program Files\Apache\apache-maven-3.6.3\bin;C:\Program Files (x86)\Java,C:\Program Files\Apache\apache-maven-3.6.3\bin;C:\WINDOWS\System32;C:\Program Files\JetBrains\IntelliJ IDEA Community Edition 2020.1.3\bin;;."/>
    <property name="java.vm.info" value="mixed mode"/>
    <property name="java.vendor" value="Oracle Corporation"/>
    <property name="java.vm.version" value="25.261-b12"/>
    <property name="java.ext.dirs" value="C:\Program Files (x86)\Java\jre\lib\ext;C:\WINDOWS\Sun\Java\lib\ext"/>
    <property name="sun.io.unicode.encoding" value="UnicodeLittle"/>
    <property name="java.class.version" value="52.0"/>
  </properties>
  <testcase name="shouldAnswerWithTrue" classname="be.vives.ti.AppTest" time="0"/>
</testsuite>